# JRE version: OpenJDK Runtime Environment (8.0_112-b06) (build 1.8.0_112-release-b06)
# Java VM: OpenJDK 64-Bit Server VM (25.112-b06 mixed mode bsd-amd64 compressed oops)
Heap:
 PSYoungGen      total 217088K, used 3937K [0x00000007a0000000, 0x00000007afd00000, 0x00000007c0000000)
  eden space 175104K, 2% used [0x00000007a0000000,0x00000007a03d86c0,0x00000007aab00000)
  from space 41984K, 0% used [0x00000007aab00000,0x00000007aab00000,0x00000007ad400000)
  to   space 41984K, 0% used [0x00000007ad400000,0x00000007ad400000,0x00000007afd00000)
 ParOldGen       total 104448K, used 45196K [0x0000000760000000, 0x0000000766600000, 0x00000007a0000000)
  object space 104448K, 43% used [0x0000000760000000,0x0000000762c233d0,0x0000000766600000)
 Metaspace       used 86307K, capacity 92218K, committed 96472K, reserved 1132544K
  class space    used 10949K, capacity 11859K, committed 12800K, reserved 1048576K
GC Heap History (10 events):
Event: 7402.028 GC heap before
{Heap before GC invocations=29 (full 3):
 PSYoungGen      total 219648K, used 219471K [0x00000007a0000000, 0x00000007b1180000, 0x00000007c0000000)
  eden space 196608K, 100% used [0x00000007a0000000,0x00000007ac000000,0x00000007ac000000)
  from space 23040K, 99% used [0x00000007ada00000,0x00000007af053ef0,0x00000007af080000)
  to   space 33792K, 0% used [0x00000007af080000,0x00000007af080000,0x00000007b1180000)
 ParOldGen       total 104448K, used 59806K [0x0000000760000000, 0x0000000766600000, 0x00000007a0000000)
  object space 104448K, 57% used [0x0000000760000000,0x0000000763a67868,0x0000000766600000)
 Metaspace       used 85677K, capacity 92526K, committed 92632K, reserved 1130496K
  class space    used 10983K, capacity 12216K, committed 12288K, reserved 1048576K
Event: 7405.366 GC heap after
Heap after GC invocations=29 (full 3):
 PSYoungGen      total 211968K, used 22657K [0x00000007a0000000, 0x00000007b0700000, 0x00000007c0000000)
  eden space 188928K, 0% used [0x00000007a0000000,0x00000007a0000000,0x00000007ab880000)
  from space 23040K, 98% used [0x00000007af080000,0x00000007b06a06f8,0x00000007b0700000)
  to   space 38912K, 0% used [0x00000007abb00000,0x00000007abb00000,0x00000007ae100000)
 ParOldGen       total 104448K, used 59814K [0x0000000760000000, 0x0000000766600000, 0x00000007a0000000)
  object space 104448K, 57% used [0x0000000760000000,0x0000000763a69868,0x0000000766600000)
 Metaspace       used 85677K, capacity 92526K, committed 92632K, reserved 1130496K
  class space    used 10983K, capacity 12216K, committed 12288K, reserved 1048576K
}
Event: 7635.329 GC heap before
{Heap before GC invocations=30 (full 3):
 PSYoungGen      total 211968K, used 211585K [0x00000007a0000000, 0x00000007b0700000, 0x00000007c0000000)
  eden space 188928K, 100% used [0x00000007a0000000,0x00000007ab880000,0x00000007ab880000)
  from space 23040K, 98% used [0x00000007af080000,0x00000007b06a06f8,0x00000007b0700000)
  to   space 38912K, 0% used [0x00000007abb00000,0x00000007abb00000,0x00000007ae100000)
 ParOldGen       total 104448K, used 59814K [0x0000000760000000, 0x0000000766600000, 0x00000007a0000000)
  object space 104448K, 57% used [0x0000000760000000,0x0000000763a69868,0x0000000766600000)
 Metaspace       used 86492K, capacity 94238K, committed 94424K, reserved 1130496K
  class space    used 11119K, capacity 12496K, committed 12544K, reserved 1048576K
Event: 7636.722 GC heap after
Heap after GC invocations=30 (full 3):
 PSYoungGen      total 217088K, used 35130K [0x00000007a0000000, 0x00000007b0480000, 0x00000007c0000000)
  eden space 181760K, 0% used [0x00000007a0000000,0x00000007a0000000,0x00000007ab180000)
  from space 35328K, 99% used [0x00000007abb00000,0x00000007add4e9d8,0x00000007add80000)
  to   space 39936K, 0% used [0x00000007add80000,0x00000007add80000,0x00000007b0480000)
 ParOldGen       total 104448K, used 59822K [0x0000000760000000, 0x0000000766600000, 0x00000007a0000000)
  object space 104448K, 57% used [0x0000000760000000,0x0000000763a6b868,0x0000000766600000)
 Metaspace       used 86492K, capacity 94238K, committed 94424K, reserved 1130496K
  class space    used 11119K, capacity 12496K, committed 12544K, reserved 1048576K
}
Event: 13540.207 GC heap before
{Heap before GC invocations=31 (full 3):
 PSYoungGen      total 217088K, used 216890K [0x00000007a0000000, 0x00000007b0480000, 0x00000007c0000000)
  eden space 181760K, 100% used [0x00000007a0000000,0x00000007ab180000,0x00000007ab180000)
  from space 35328K, 99% used [0x00000007abb00000,0x00000007add4e9d8,0x00000007add80000)
  to   space 39936K, 0% used [0x00000007add80000,0x00000007add80000,0x00000007b0480000)
 ParOldGen       total 104448K, used 59822K [0x0000000760000000, 0x0000000766600000, 0x00000007a0000000)
  object space 104448K, 57% used [0x0000000760000000,0x0000000763a6b868,0x0000000766600000)
 Metaspace       used 86591K, capacity 94360K, committed 94424K, reserved 1130496K
  class space    used 11130K, capacity 12509K, committed 12544K, reserved 1048576K
Event: 13543.588 GC heap after
Heap after GC invocations=31 (full 3):
 PSYoungGen      total 207360K, used 24191K [0x00000007a0000000, 0x00000007afd00000, 0x00000007c0000000)
  eden space 175104K, 0% used [0x00000007a0000000,0x00000007a0000000,0x00000007aab00000)
  from space 32256K, 74% used [0x00000007add80000,0x00000007af51ff20,0x00000007afd00000)
  to   space 41984K, 0% used [0x00000007aab00000,0x00000007aab00000,0x00000007ad400000)
 ParOldGen       total 104448K, used 59830K [0x0000000760000000, 0x0000000766600000, 0x00000007a0000000)
  object space 104448K, 57% used [0x0000000760000000,0x0000000763a6d868,0x0000000766600000)
 Metaspace       used 86591K, capacity 94360K, committed 94424K, reserved 1130496K
  class space    used 11130K, capacity 12509K, committed 12544K, reserved 1048576K
}
Event: 13565.100 GC heap before
{Heap before GC invocations=32 (full 3):
 PSYoungGen      total 207360K, used 118942K [0x00000007a0000000, 0x00000007afd00000, 0x00000007c0000000)
  eden space 175104K, 54% used [0x00000007a0000000,0x00000007a5c87bf0,0x00000007aab00000)
  from space 32256K, 74% used [0x00000007add80000,0x00000007af51ff20,0x00000007afd00000)
  to   space 41984K, 0% used [0x00000007aab00000,0x00000007aab00000,0x00000007ad400000)
 ParOldGen       total 104448K, used 59830K [0x0000000760000000, 0x0000000766600000, 0x00000007a0000000)
  object space 104448K, 57% used [0x0000000760000000,0x0000000763a6d868,0x0000000766600000)
 Metaspace       used 88586K, capacity 96428K, committed 96472K, reserved 1132544K
  class space    used 11417K, capacity 12767K, committed 12800K, reserved 1048576K
Event: 13570.801 GC heap after
Heap after GC invocations=32 (full 3):
 PSYoungGen      total 217088K, used 26541K [0x00000007a0000000, 0x00000007afd00000, 0x00000007c0000000)
  eden space 175104K, 0% used [0x00000007a0000000,0x00000007a0000000,0x00000007aab00000)
  from space 41984K, 63% used [0x00000007aab00000,0x00000007ac4eb510,0x00000007ad400000)
  to   space 41984K, 0% used [0x00000007ad400000,0x00000007ad400000,0x00000007afd00000)
 ParOldGen       total 104448K, used 59838K [0x0000000760000000, 0x0000000766600000, 0x00000007a0000000)
  object space 104448K, 57% used [0x0000000760000000,0x0000000763a6f868,0x0000000766600000)
 Metaspace       used 88586K, capacity 96428K, committed 96472K, reserved 1132544K
  class space    used 11417K, capacity 12767K, committed 12800K, reserved 1048576K
}
Event: 13570.805 GC heap before
{Heap before GC invocations=33 (full 4):
 PSYoungGen      total 217088K, used 26541K [0x00000007a0000000, 0x00000007afd00000, 0x00000007c0000000)
  eden space 175104K, 0% used [0x00000007a0000000,0x00000007a0000000,0x00000007aab00000)
  from space 41984K, 63% used [0x00000007aab00000,0x00000007ac4eb510,0x00000007ad400000)
  to   space 41984K, 0% used [0x00000007ad400000,0x00000007ad400000,0x00000007afd00000)
 ParOldGen       total 104448K, used 59838K [0x0000000760000000, 0x0000000766600000, 0x00000007a0000000)
  object space 104448K, 57% used [0x0000000760000000,0x0000000763a6f868,0x0000000766600000)
 Metaspace       used 88586K, capacity 96428K, committed 96472K, reserved 1132544K
  class space    used 11417K, capacity 12767K, committed 12800K, reserved 1048576K
Event: 13623.620 GC heap after
Heap after GC invocations=33 (full 4):
 PSYoungGen      total 217088K, used 0K [0x00000007a0000000, 0x00000007afd00000, 0x00000007c0000000)
  eden space 175104K, 0% used [0x00000007a0000000,0x00000007a0000000,0x00000007aab00000)
  from space 41984K, 0% used [0x00000007aab00000,0x00000007aab00000,0x00000007ad400000)
  to   space 41984K, 0% used [0x00000007ad400000,0x00000007ad400000,0x00000007afd00000)
 ParOldGen       total 104448K, used 45196K [0x0000000760000000, 0x0000000766600000, 0x00000007a0000000)
  object space 104448K, 43% used [0x0000000760000000,0x0000000762c233d0,0x0000000766600000)
 Metaspace       used 86177K, capacity 92130K, committed 96472K, reserved 1132544K
  class space    used 10927K, capacity 11855K, committed 12800K, reserved 1048576K
}

